2014-02-23 15:29:21 INFO  task:77 - main thread is shutdown
2014-02-23 15:31:23 INFO  task:141 - I am puttingD:\rideo\yedianbeijing/picao
2014-02-23 15:31:23 INFO  task:141 - I am puttingD:\rideo\yedianbeijing/nuxie
2014-02-23 15:31:23 INFO  task:235 - Consuming:D:\rideo\yedianbeijing/picao
2014-02-23 15:31:23 INFO  task:355 - D:\rideo\yedianbeijing/picaois working
2014-02-23 15:31:23 INFO  task:235 - Consuming:D:\rideo\yedianbeijing/nuxie
2014-02-23 15:31:23 INFO  task:355 - D:\rideo\yedianbeijing/nuxieis working
2014-02-23 15:31:25 INFO  task:141 - I am puttingD:\rideo\renzaijiongtuzhitaijiong/picao
2014-02-23 15:31:25 INFO  task:141 - I am puttingD:\rideo\renzaijiongtuzhitaijiong/nuxie
2014-02-23 15:33:28 INFO  task:141 - I am puttingD:\rideo\modengshidai/picao
2014-02-23 15:33:28 INFO  task:141 - I am puttingD:\rideo\modengshidai/nuxie
2014-02-23 15:33:28 INFO  task:159 - Producer has finished
2014-02-23 15:41:23 INFO  task:360 - D:\rideo\yedianbeijing/picao has finished
2014-02-23 15:41:23 INFO  task:235 - Consuming:D:\rideo\renzaijiongtuzhitaijiong/picao
2014-02-23 15:41:23 INFO  task:360 - D:\rideo\yedianbeijing/nuxie has finished
2014-02-23 15:41:23 INFO  task:235 - Consuming:D:\rideo\renzaijiongtuzhitaijiong/nuxie
2014-02-23 15:41:23 INFO  task:355 - D:\rideo\renzaijiongtuzhitaijiong/nuxieis working
2014-02-23 15:41:23 INFO  task:355 - D:\rideo\renzaijiongtuzhitaijiong/picaois working
2014-02-23 15:51:23 INFO  task:360 - D:\rideo\renzaijiongtuzhitaijiong/nuxie has finished
2014-02-23 15:51:23 INFO  task:360 - D:\rideo\renzaijiongtuzhitaijiong/picao has finished
2014-02-23 15:51:23 INFO  task:235 - Consuming:D:\rideo\modengshidai/picao
2014-02-23 15:51:23 INFO  task:235 - Consuming:D:\rideo\modengshidai/nuxie
2014-02-23 15:51:23 INFO  task:355 - D:\rideo\modengshidai/nuxieis working
2014-02-23 15:51:23 INFO  task:355 - D:\rideo\modengshidai/picaois working
2014-02-23 16:01:23 INFO  task:360 - D:\rideo\modengshidai/nuxie has finished
2014-02-23 16:01:23 INFO  task:360 - D:\rideo\modengshidai/picao has finished
2014-02-23 16:46:47 INFO  task:77 - main thread is shutdown
2014-02-23 16:48:49 INFO  task:141 - I am puttingD:\rideo\yedianbeijing/picao
2014-02-23 16:48:49 INFO  task:141 - I am puttingD:\rideo\yedianbeijing/nuxie
2014-02-23 16:48:49 INFO  task:235 - Consuming:D:\rideo\yedianbeijing/picao
2014-02-23 16:48:49 INFO  task:355 - D:\rideo\yedianbeijing/picaois working
2014-02-23 16:48:50 INFO  task:141 - I am puttingD:\rideo\renzaijiongtuzhitaijiong/picao
2014-02-23 16:48:50 INFO  task:141 - I am puttingD:\rideo\renzaijiongtuzhitaijiong/nuxie
2014-02-23 16:50:54 INFO  task:141 - I am puttingD:\rideo\modengshidai/picao
2014-02-23 16:50:54 INFO  task:141 - I am puttingD:\rideo\modengshidai/nuxie
2014-02-23 16:50:54 INFO  task:159 - Producer has finished
2014-02-23 16:50:54 INFO  task:336 - Consumer has finished
2014-02-23 16:58:49 INFO  task:360 - D:\rideo\yedianbeijing/picao has finished
2014-02-23 16:58:49 INFO  task:235 - Consuming:D:\rideo\yedianbeijing/nuxie
2014-02-23 16:58:49 INFO  task:355 - D:\rideo\yedianbeijing/nuxieis working
2014-02-23 17:08:49 INFO  task:360 - D:\rideo\yedianbeijing/nuxie has finished
2014-02-23 17:08:49 INFO  task:235 - Consuming:D:\rideo\renzaijiongtuzhitaijiong/picao
2014-02-23 17:08:49 INFO  task:355 - D:\rideo\renzaijiongtuzhitaijiong/picaois working
2014-02-23 17:18:49 INFO  task:360 - D:\rideo\renzaijiongtuzhitaijiong/picao has finished
2014-02-23 17:18:49 INFO  task:235 - Consuming:D:\rideo\renzaijiongtuzhitaijiong/nuxie
2014-02-23 17:18:49 INFO  task:355 - D:\rideo\renzaijiongtuzhitaijiong/nuxieis working
2014-02-23 17:28:49 INFO  task:360 - D:\rideo\renzaijiongtuzhitaijiong/nuxie has finished
2014-02-23 17:28:49 INFO  task:235 - Consuming:D:\rideo\modengshidai/picao
2014-02-23 17:28:49 INFO  task:355 - D:\rideo\modengshidai/picaois working
2014-02-23 17:38:49 INFO  task:360 - D:\rideo\modengshidai/picao has finished
2014-02-23 17:38:49 INFO  task:235 - Consuming:D:\rideo\modengshidai/nuxie
2014-02-23 17:38:49 INFO  task:355 - D:\rideo\modengshidai/nuxieis working
2014-02-23 17:48:49 INFO  task:360 - D:\rideo\modengshidai/nuxie has finished
2014-03-05 14:24:43 INFO  task:110 - 2014-03-05
2014-03-05 14:26:29 INFO  task:116 - 2014-03-05
2014-03-05 14:27:33 INFO  task:116 - 2014-03-05
2014-03-05 14:28:36 INFO  task:116 - 2014-03-05
2014-03-05 14:28:36 INFO  task:128 - 大丈夫
2014-03-05 14:28:36 INFO  task:128 - 来自星星的你
2014-03-05 14:28:36 INFO  task:128 - 继承者们
2014-03-05 14:28:36 INFO  task:142 - http://s.taobao.com/search?js=1&q=%E5%A4%A7%E4%B8%88%E5%A4%AB+%E5%90%8C%E6%AC%BE%E8%A1%A3&s=0
2014-03-05 14:28:59 INFO  task:191 - not exist! or does not have pages 同款衣
2014-03-05 14:28:59 INFO  task:142 - http://s.taobao.com/search?js=1&q=%E5%A4%A7%E4%B8%88%E5%A4%AB+%E5%90%8C%E6%AC%BE%E8%A1%A3&s=40
2014-03-05 14:29:29 INFO  task:191 - not exist! or does not have pages 同款衣
2014-03-05 14:29:29 INFO  task:142 - http://s.taobao.com/search?js=1&q=%E5%A4%A7%E4%B8%88%E5%A4%AB+%E5%90%8C%E6%AC%BE%E8%A1%A3&s=80
2014-03-05 14:29:58 INFO  task:191 - not exist! or does not have pages 同款衣
2014-03-05 14:29:58 INFO  task:142 - http://s.taobao.com/search?js=1&q=%E5%A4%A7%E4%B8%88%E5%A4%AB+%E5%90%8C%E6%AC%BE%E8%A1%A3&s=120
2014-03-05 14:30:27 INFO  task:191 - not exist! or does not have pages 同款衣
2014-03-05 14:30:27 INFO  task:142 - http://s.taobao.com/search?js=1&q=%E5%A4%A7%E4%B8%88%E5%A4%AB+%E5%90%8C%E6%AC%BE%E8%A1%A3&s=160
2014-03-05 14:30:58 INFO  task:191 - not exist! or does not have pages 同款衣
2014-03-05 14:30:58 INFO  task:142 - http://s.taobao.com/search?js=1&q=%E5%A4%A7%E4%B8%88%E5%A4%AB+%E5%90%8C%E6%AC%BE%E5%8C%85&s=0
2014-03-05 14:31:31 INFO  task:191 - not exist! or does not have pages 同款包
2014-03-05 14:31:31 INFO  task:142 - http://s.taobao.com/search?js=1&q=%E5%A4%A7%E4%B8%88%E5%A4%AB+%E5%90%8C%E6%AC%BE%E5%8C%85&s=40
2014-03-05 14:31:59 INFO  task:191 - not exist! or does not have pages 同款包
2014-03-05 14:31:59 INFO  task:142 - http://s.taobao.com/search?js=1&q=%E5%A4%A7%E4%B8%88%E5%A4%AB+%E5%90%8C%E6%AC%BE%E5%8C%85&s=80
2014-03-05 14:32:27 INFO  task:191 - not exist! or does not have pages 同款包
2014-03-05 14:32:27 INFO  task:142 - http://s.taobao.com/search?js=1&q=%E5%A4%A7%E4%B8%88%E5%A4%AB+%E5%90%8C%E6%AC%BE%E5%8C%85&s=120
2014-03-05 14:32:55 INFO  task:191 - not exist! or does not have pages 同款包
2014-03-05 14:32:55 INFO  task:142 - http://s.taobao.com/search?js=1&q=%E5%A4%A7%E4%B8%88%E5%A4%AB+%E5%90%8C%E6%AC%BE%E5%8C%85&s=160
2014-03-05 14:33:25 INFO  task:191 - not exist! or does not have pages 同款包
2014-03-05 14:33:25 INFO  task:142 - http://s.taobao.com/search?js=1&q=%E5%A4%A7%E4%B8%88%E5%A4%AB+%E5%90%8C%E6%AC%BE%E9%9E%8B&s=0
2014-03-05 14:33:54 INFO  task:191 - not exist! or does not have pages 同款鞋
2014-03-05 14:33:54 INFO  task:142 - http://s.taobao.com/search?js=1&q=%E5%A4%A7%E4%B8%88%E5%A4%AB+%E5%90%8C%E6%AC%BE%E9%9E%8B&s=40
2014-03-05 14:34:24 INFO  task:191 - not exist! or does not have pages 同款鞋
2014-03-05 14:34:24 INFO  task:142 - http://s.taobao.com/search?js=1&q=%E5%A4%A7%E4%B8%88%E5%A4%AB+%E5%90%8C%E6%AC%BE%E9%9E%8B&s=80
2014-03-05 14:34:55 INFO  task:191 - not exist! or does not have pages 同款鞋
2014-03-05 14:34:55 INFO  task:142 - http://s.taobao.com/search?js=1&q=%E5%A4%A7%E4%B8%88%E5%A4%AB+%E5%90%8C%E6%AC%BE%E9%9E%8B&s=120
2014-03-05 14:35:26 INFO  task:191 - not exist! or does not have pages 同款鞋
2014-03-05 14:35:26 INFO  task:142 - http://s.taobao.com/search?js=1&q=%E5%A4%A7%E4%B8%88%E5%A4%AB+%E5%90%8C%E6%AC%BE%E9%9E%8B&s=160
